{"/Users/indra/Documents/url-shortener-pro/server.js": {"path":"/Users/indra/Documents/url-shortener-pro/server.js","statementMap":{"0":{"start":{"line":1,"column":0},"end":{"line":1,"column":27}},"1":{"start":{"line":2,"column":16},"end":{"line":2,"column":34}},"2":{"start":{"line":3,"column":13},"end":{"line":3,"column":28}},"3":{"start":{"line":4,"column":18},"end":{"line":4,"column":47}},"4":{"start":{"line":6,"column":18},"end":{"line":6,"column":40}},"5":{"start":{"line":7,"column":12},"end":{"line":7,"column":35}},"6":{"start":{"line":8,"column":20},"end":{"line":8,"column":45}},"7":{"start":{"line":10,"column":12},"end":{"line":10,"column":21}},"8":{"start":{"line":13,"column":0},"end":{"line":13,"column":12}},"9":{"start":{"line":16,"column":0},"end":{"line":16,"column":24}},"10":{"start":{"line":19,"column":16},"end":{"line":22,"column":2}},"11":{"start":{"line":23,"column":0},"end":{"line":23,"column":33}},"12":{"start":{"line":26,"column":0},"end":{"line":26,"column":56}},"13":{"start":{"line":29,"column":0},"end":{"line":29,"column":41}},"14":{"start":{"line":33,"column":0},"end":{"line":73,"column":3}},"15":{"start":{"line":34,"column":23},"end":{"line":42,"column":3}},"16":{"start":{"line":45,"column":2},"end":{"line":56,"column":3}},"17":{"start":{"line":46,"column":21},"end":{"line":46,"column":40}},"18":{"start":{"line":47,"column":4},"end":{"line":51,"column":5}},"19":{"start":{"line":48,"column":6},"end":{"line":48,"column":43}},"20":{"start":{"line":50,"column":6},"end":{"line":50,"column":40}},"21":{"start":{"line":53,"column":4},"end":{"line":53,"column":42}},"22":{"start":{"line":54,"column":4},"end":{"line":54,"column":38}},"23":{"start":{"line":55,"column":4},"end":{"line":55,"column":37}},"24":{"start":{"line":59,"column":2},"end":{"line":69,"column":3}},"25":{"start":{"line":60,"column":24},"end":{"line":60,"column":49}},"26":{"start":{"line":61,"column":23},"end":{"line":61,"column":52}},"27":{"start":{"line":63,"column":4},"end":{"line":65,"column":5}},"28":{"start":{"line":64,"column":6},"end":{"line":64,"column":41}},"29":{"start":{"line":67,"column":4},"end":{"line":67,"column":40}},"30":{"start":{"line":71,"column":22},"end":{"line":71,"column":51}},"31":{"start":{"line":72,"column":2},"end":{"line":72,"column":57}},"32":{"start":{"line":76,"column":0},"end":{"line":118,"column":3}},"33":{"start":{"line":77,"column":2},"end":{"line":117,"column":3}},"34":{"start":{"line":78,"column":17},"end":{"line":78,"column":32}},"35":{"start":{"line":79,"column":20},"end":{"line":79,"column":24}},"36":{"start":{"line":82,"column":4},"end":{"line":86,"column":5}},"37":{"start":{"line":83,"column":6},"end":{"line":83,"column":46}},"38":{"start":{"line":85,"column":6},"end":{"line":85,"column":57}},"39":{"start":{"line":88,"column":4},"end":{"line":90,"column":5}},"40":{"start":{"line":89,"column":6},"end":{"line":89,"column":37}},"41":{"start":{"line":93,"column":16},"end":{"line":93,"column":54}},"42":{"start":{"line":94,"column":4},"end":{"line":94,"column":55}},"43":{"start":{"line":94,"column":14},"end":{"line":94,"column":55}},"44":{"start":{"line":97,"column":4},"end":{"line":99,"column":5}},"45":{"start":{"line":98,"column":6},"end":{"line":98,"column":50}},"46":{"start":{"line":102,"column":4},"end":{"line":102,"column":17}},"47":{"start":{"line":103,"column":4},"end":{"line":103,"column":21}},"48":{"start":{"line":106,"column":4},"end":{"line":110,"column":5}},"49":{"start":{"line":107,"column":6},"end":{"line":107,"column":61}},"50":{"start":{"line":109,"column":6},"end":{"line":109,"column":61}},"51":{"start":{"line":112,"column":4},"end":{"line":112,"column":37}},"52":{"start":{"line":115,"column":4},"end":{"line":115,"column":42}},"53":{"start":{"line":116,"column":4},"end":{"line":116,"column":41}},"54":{"start":{"line":123,"column":13},"end":{"line":123,"column":37}},"55":{"start":{"line":124,"column":0},"end":{"line":124,"column":70}},"56":{"start":{"line":124,"column":23},"end":{"line":124,"column":68}}},"fnMap":{"0":{"name":"(anonymous_0)","decl":{"start":{"line":33,"column":19},"end":{"line":33,"column":20}},"loc":{"start":{"line":33,"column":39},"end":{"line":73,"column":1}},"line":33},"1":{"name":"(anonymous_1)","decl":{"start":{"line":76,"column":18},"end":{"line":76,"column":19}},"loc":{"start":{"line":76,"column":38},"end":{"line":118,"column":1}},"line":76},"2":{"name":"(anonymous_2)","decl":{"start":{"line":124,"column":17},"end":{"line":124,"column":18}},"loc":{"start":{"line":124,"column":23},"end":{"line":124,"column":68}},"line":124}},"branchMap":{"0":{"loc":{"start":{"line":47,"column":4},"end":{"line":51,"column":5}},"type":"if","locations":[{"start":{"line":47,"column":4},"end":{"line":51,"column":5}},{"start":{"line":49,"column":11},"end":{"line":51,"column":5}}],"line":47},"1":{"loc":{"start":{"line":63,"column":4},"end":{"line":65,"column":5}},"type":"if","locations":[{"start":{"line":63,"column":4},"end":{"line":65,"column":5}},{"start":{},"end":{}}],"line":63},"2":{"loc":{"start":{"line":63,"column":8},"end":{"line":63,"column":60}},"type":"binary-expr","locations":[{"start":{"line":63,"column":8},"end":{"line":63,"column":19}},{"start":{"line":63,"column":23},"end":{"line":63,"column":60}}],"line":63},"3":{"loc":{"start":{"line":72,"column":13},"end":{"line":72,"column":36}},"type":"cond-expr","locations":[{"start":{"line":72,"column":27},"end":{"line":72,"column":30}},{"start":{"line":72,"column":33},"end":{"line":72,"column":36}}],"line":72},"4":{"loc":{"start":{"line":88,"column":4},"end":{"line":90,"column":5}},"type":"if","locations":[{"start":{"line":88,"column":4},"end":{"line":90,"column":5}},{"start":{},"end":{}}],"line":88},"5":{"loc":{"start":{"line":94,"column":4},"end":{"line":94,"column":55}},"type":"if","locations":[{"start":{"line":94,"column":4},"end":{"line":94,"column":55}},{"start":{},"end":{}}],"line":94},"6":{"loc":{"start":{"line":97,"column":4},"end":{"line":99,"column":5}},"type":"if","locations":[{"start":{"line":97,"column":4},"end":{"line":99,"column":5}},{"start":{},"end":{}}],"line":97},"7":{"loc":{"start":{"line":97,"column":8},"end":{"line":97,"column":51}},"type":"binary-expr","locations":[{"start":{"line":97,"column":8},"end":{"line":97,"column":21}},{"start":{"line":97,"column":25},"end":{"line":97,"column":51}}],"line":97},"8":{"loc":{"start":{"line":123,"column":13},"end":{"line":123,"column":37}},"type":"binary-expr","locations":[{"start":{"line":123,"column":13},"end":{"line":123,"column":29}},{"start":{"line":123,"column":33},"end":{"line":123,"column":37}}],"line":123}},"s":{"0":0,"1":0,"2":0,"3":0,"4":0,"5":0,"6":0,"7":0,"8":0,"9":0,"10":0,"11":0,"12":0,"13":0,"14":0,"15":0,"16":0,"17":0,"18":0,"19":0,"20":0,"21":0,"22":0,"23":0,"24":0,"25":0,"26":0,"27":0,"28":0,"29":0,"30":0,"31":0,"32":0,"33":0,"34":0,"35":0,"36":0,"37":0,"38":0,"39":0,"40":0,"41":0,"42":0,"43":0,"44":0,"45":0,"46":0,"47":0,"48":0,"49":0,"50":0,"51":0,"52":0,"53":0,"54":0,"55":0,"56":0},"f":{"0":0,"1":0,"2":0},"b":{"0":[0,0],"1":[0,0],"2":[0,0],"3":[0,0],"4":[0,0],"5":[0,0],"6":[0,0],"7":[0,0],"8":[0,0]}}
,"/Users/indra/Documents/url-shortener-pro/config/db.js": {"path":"/Users/indra/Documents/url-shortener-pro/config/db.js","statementMap":{"0":{"start":{"line":1,"column":17},"end":{"line":1,"column":36}},"1":{"start":{"line":3,"column":18},"end":{"line":11,"column":1}},"2":{"start":{"line":4,"column":2},"end":{"line":10,"column":3}},"3":{"start":{"line":5,"column":4},"end":{"line":5,"column":50}},"4":{"start":{"line":6,"column":4},"end":{"line":6,"column":37}},"5":{"start":{"line":8,"column":4},"end":{"line":8,"column":31}},"6":{"start":{"line":9,"column":4},"end":{"line":9,"column":20}},"7":{"start":{"line":13,"column":0},"end":{"line":13,"column":27}}},"fnMap":{"0":{"name":"(anonymous_0)","decl":{"start":{"line":3,"column":18},"end":{"line":3,"column":19}},"loc":{"start":{"line":3,"column":30},"end":{"line":11,"column":1}},"line":3}},"branchMap":{},"s":{"0":3,"1":3,"2":2,"3":2,"4":1,"5":1,"6":1,"7":3},"f":{"0":2},"b":{},"_coverageSchema":"1a1c01bbd47fc00a2c39e90264f33305004495a9","hash":"d613d7e63cb4a393e1d92b17d80ee521dd1831b1"}
,"/Users/indra/Documents/url-shortener-pro/config/redis.js": {"path":"/Users/indra/Documents/url-shortener-pro/config/redis.js","statementMap":{"0":{"start":{"line":1,"column":14},"end":{"line":1,"column":30}},"1":{"start":{"line":3,"column":13},"end":{"line":3,"column":17}},"2":{"start":{"line":5,"column":0},"end":{"line":25,"column":1}},"3":{"start":{"line":6,"column":2},"end":{"line":22,"column":3}},"4":{"start":{"line":7,"column":4},"end":{"line":9,"column":7}},"5":{"start":{"line":11,"column":4},"end":{"line":13,"column":7}},"6":{"start":{"line":12,"column":6},"end":{"line":12,"column":45}},"7":{"start":{"line":15,"column":4},"end":{"line":17,"column":66}},"8":{"start":{"line":16,"column":18},"end":{"line":16,"column":48}},"9":{"start":{"line":17,"column":20},"end":{"line":17,"column":64}},"10":{"start":{"line":20,"column":4},"end":{"line":20,"column":61}},"11":{"start":{"line":21,"column":4},"end":{"line":21,"column":18}},"12":{"start":{"line":24,"column":2},"end":{"line":24,"column":52}},"13":{"start":{"line":27,"column":0},"end":{"line":30,"column":2}},"14":{"start":{"line":28,"column":22},"end":{"line":28,"column":53}},"15":{"start":{"line":29,"column":36},"end":{"line":29,"column":81}}},"fnMap":{"0":{"name":"(anonymous_0)","decl":{"start":{"line":11,"column":23},"end":{"line":11,"column":24}},"loc":{"start":{"line":11,"column":32},"end":{"line":13,"column":5}},"line":11},"1":{"name":"(anonymous_1)","decl":{"start":{"line":16,"column":12},"end":{"line":16,"column":13}},"loc":{"start":{"line":16,"column":18},"end":{"line":16,"column":48}},"line":16},"2":{"name":"(anonymous_2)","decl":{"start":{"line":17,"column":13},"end":{"line":17,"column":14}},"loc":{"start":{"line":17,"column":20},"end":{"line":17,"column":64}},"line":17},"3":{"name":"(anonymous_3)","decl":{"start":{"line":28,"column":7},"end":{"line":28,"column":8}},"loc":{"start":{"line":28,"column":22},"end":{"line":28,"column":53}},"line":28},"4":{"name":"(anonymous_4)","decl":{"start":{"line":29,"column":9},"end":{"line":29,"column":10}},"loc":{"start":{"line":29,"column":36},"end":{"line":29,"column":81}},"line":29}},"branchMap":{"0":{"loc":{"start":{"line":5,"column":0},"end":{"line":25,"column":1}},"type":"if","locations":[{"start":{"line":5,"column":0},"end":{"line":25,"column":1}},{"start":{"line":23,"column":7},"end":{"line":25,"column":1}}],"line":5},"1":{"loc":{"start":{"line":28,"column":22},"end":{"line":28,"column":53}},"type":"cond-expr","locations":[{"start":{"line":28,"column":31},"end":{"line":28,"column":46}},{"start":{"line":28,"column":49},"end":{"line":28,"column":53}}],"line":28},"2":{"loc":{"start":{"line":29,"column":36},"end":{"line":29,"column":81}},"type":"cond-expr","locations":[{"start":{"line":29,"column":45},"end":{"line":29,"column":74}},{"start":{"line":29,"column":77},"end":{"line":29,"column":81}}],"line":29}},"s":{"0":3,"1":3,"2":3,"3":0,"4":0,"5":0,"6":0,"7":0,"8":0,"9":0,"10":0,"11":0,"12":3,"13":3,"14":1,"15":1},"f":{"0":0,"1":0,"2":0,"3":1,"4":1},"b":{"0":[0,3],"1":[0,1],"2":[0,1]},"_coverageSchema":"1a1c01bbd47fc00a2c39e90264f33305004495a9","hash":"8d19980c5c2e18cb67a19da62d723e91ea1359fd"}
,"/Users/indra/Documents/url-shortener-pro/models/Url.js": {"path":"/Users/indra/Documents/url-shortener-pro/models/Url.js","statementMap":{"0":{"start":{"line":1,"column":17},"end":{"line":1,"column":36}},"1":{"start":{"line":3,"column":18},"end":{"line":23,"column":2}},"2":{"start":{"line":25,"column":0},"end":{"line":25,"column":50}}},"fnMap":{},"branchMap":{},"s":{"0":3,"1":3,"2":3},"f":{},"b":{},"_coverageSchema":"1a1c01bbd47fc00a2c39e90264f33305004495a9","hash":"f91fdf6155ff497ab076df59b49702f757a4e151"}
,"/Users/indra/Documents/url-shortener-pro/routes/url.js": {"path":"/Users/indra/Documents/url-shortener-pro/routes/url.js","statementMap":{"0":{"start":{"line":1,"column":16},"end":{"line":1,"column":34}},"1":{"start":{"line":2,"column":15},"end":{"line":2,"column":31}},"2":{"start":{"line":3,"column":15},"end":{"line":3,"column":32}},"3":{"start":{"line":4,"column":17},"end":{"line":4,"column":37}},"4":{"start":{"line":5,"column":12},"end":{"line":5,"column":36}},"5":{"start":{"line":6,"column":20},"end":{"line":6,"column":46}},"6":{"start":{"line":12,"column":0},"end":{"line":69,"column":3}},"7":{"start":{"line":13,"column":42},"end":{"line":13,"column":50}},"8":{"start":{"line":15,"column":2},"end":{"line":17,"column":3}},"9":{"start":{"line":16,"column":4},"end":{"line":16,"column":47}},"10":{"start":{"line":19,"column":2},"end":{"line":68,"column":3}},"11":{"start":{"line":22,"column":4},"end":{"line":44,"column":5}},"12":{"start":{"line":24,"column":23},"end":{"line":24,"column":67}},"13":{"start":{"line":25,"column":6},"end":{"line":25,"column":78}},"14":{"start":{"line":25,"column":20},"end":{"line":25,"column":78}},"15":{"start":{"line":26,"column":6},"end":{"line":26,"column":29}},"16":{"start":{"line":29,"column":22},"end":{"line":29,"column":26}},"17":{"start":{"line":30,"column":6},"end":{"line":43,"column":7}},"18":{"start":{"line":31,"column":21},"end":{"line":36,"column":22}},"19":{"start":{"line":38,"column":25},"end":{"line":38,"column":63}},"20":{"start":{"line":39,"column":8},"end":{"line":42,"column":9}},"21":{"start":{"line":40,"column":10},"end":{"line":40,"column":27}},"22":{"start":{"line":41,"column":10},"end":{"line":41,"column":28}},"23":{"start":{"line":47,"column":20},"end":{"line":47,"column":24}},"24":{"start":{"line":48,"column":4},"end":{"line":51,"column":5}},"25":{"start":{"line":49,"column":6},"end":{"line":49,"column":29}},"26":{"start":{"line":50,"column":6},"end":{"line":50,"column":64}},"27":{"start":{"line":53,"column":16},"end":{"line":57,"column":6}},"28":{"start":{"line":59,"column":4},"end":{"line":59,"column":21}},"29":{"start":{"line":62,"column":4},"end":{"line":62,"column":54}},"30":{"start":{"line":64,"column":4},"end":{"line":64,"column":18}},"31":{"start":{"line":66,"column":4},"end":{"line":66,"column":23}},"32":{"start":{"line":67,"column":4},"end":{"line":67,"column":41}},"33":{"start":{"line":74,"column":0},"end":{"line":102,"column":3}},"34":{"start":{"line":75,"column":24},"end":{"line":75,"column":34}},"35":{"start":{"line":77,"column":2},"end":{"line":101,"column":3}},"36":{"start":{"line":79,"column":22},"end":{"line":79,"column":54}},"37":{"start":{"line":80,"column":4},"end":{"line":84,"column":5}},"38":{"start":{"line":82,"column":6},"end":{"line":82,"column":74}},"39":{"start":{"line":83,"column":6},"end":{"line":83,"column":37}},"40":{"start":{"line":87,"column":16},"end":{"line":87,"column":48}},"41":{"start":{"line":88,"column":4},"end":{"line":88,"column":59}},"42":{"start":{"line":88,"column":14},"end":{"line":88,"column":59}},"43":{"start":{"line":91,"column":4},"end":{"line":91,"column":58}},"44":{"start":{"line":94,"column":4},"end":{"line":94,"column":20}},"45":{"start":{"line":95,"column":4},"end":{"line":95,"column":21}},"46":{"start":{"line":97,"column":4},"end":{"line":97,"column":30}},"47":{"start":{"line":99,"column":4},"end":{"line":99,"column":23}},"48":{"start":{"line":100,"column":4},"end":{"line":100,"column":41}},"49":{"start":{"line":107,"column":0},"end":{"line":125,"column":3}},"50":{"start":{"line":108,"column":24},"end":{"line":108,"column":34}},"51":{"start":{"line":110,"column":2},"end":{"line":124,"column":3}},"52":{"start":{"line":111,"column":16},"end":{"line":111,"column":48}},"53":{"start":{"line":112,"column":4},"end":{"line":112,"column":59}},"54":{"start":{"line":112,"column":14},"end":{"line":112,"column":59}},"55":{"start":{"line":114,"column":4},"end":{"line":120,"column":7}},"56":{"start":{"line":122,"column":4},"end":{"line":122,"column":23}},"57":{"start":{"line":123,"column":4},"end":{"line":123,"column":41}},"58":{"start":{"line":127,"column":0},"end":{"line":127,"column":24}}},"fnMap":{"0":{"name":"(anonymous_0)","decl":{"start":{"line":12,"column":24},"end":{"line":12,"column":25}},"loc":{"start":{"line":12,"column":44},"end":{"line":69,"column":1}},"line":12},"1":{"name":"(anonymous_1)","decl":{"start":{"line":74,"column":26},"end":{"line":74,"column":27}},"loc":{"start":{"line":74,"column":46},"end":{"line":102,"column":1}},"line":74},"2":{"name":"(anonymous_2)","decl":{"start":{"line":107,"column":36},"end":{"line":107,"column":37}},"loc":{"start":{"line":107,"column":56},"end":{"line":125,"column":1}},"line":107}},"branchMap":{"0":{"loc":{"start":{"line":15,"column":2},"end":{"line":17,"column":3}},"type":"if","locations":[{"start":{"line":15,"column":2},"end":{"line":17,"column":3}},{"start":{},"end":{}}],"line":15},"1":{"loc":{"start":{"line":22,"column":4},"end":{"line":44,"column":5}},"type":"if","locations":[{"start":{"line":22,"column":4},"end":{"line":44,"column":5}},{"start":{"line":27,"column":11},"end":{"line":44,"column":5}}],"line":22},"2":{"loc":{"start":{"line":25,"column":6},"end":{"line":25,"column":78}},"type":"if","locations":[{"start":{"line":25,"column":6},"end":{"line":25,"column":78}},{"start":{},"end":{}}],"line":25},"3":{"loc":{"start":{"line":39,"column":8},"end":{"line":42,"column":9}},"type":"if","locations":[{"start":{"line":39,"column":8},"end":{"line":42,"column":9}},{"start":{},"end":{}}],"line":39},"4":{"loc":{"start":{"line":48,"column":4},"end":{"line":51,"column":5}},"type":"if","locations":[{"start":{"line":48,"column":4},"end":{"line":51,"column":5}},{"start":{},"end":{}}],"line":48},"5":{"loc":{"start":{"line":80,"column":4},"end":{"line":84,"column":5}},"type":"if","locations":[{"start":{"line":80,"column":4},"end":{"line":84,"column":5}},{"start":{},"end":{}}],"line":80},"6":{"loc":{"start":{"line":88,"column":4},"end":{"line":88,"column":59}},"type":"if","locations":[{"start":{"line":88,"column":4},"end":{"line":88,"column":59}},{"start":{},"end":{}}],"line":88},"7":{"loc":{"start":{"line":112,"column":4},"end":{"line":112,"column":59}},"type":"if","locations":[{"start":{"line":112,"column":4},"end":{"line":112,"column":59}},{"start":{},"end":{}}],"line":112}},"s":{"0":2,"1":2,"2":2,"3":2,"4":2,"5":2,"6":2,"7":9,"8":9,"9":1,"10":8,"11":8,"12":4,"13":4,"14":1,"15":3,"16":4,"17":4,"18":4,"19":4,"20":4,"21":4,"22":4,"23":7,"24":7,"25":1,"26":1,"27":7,"28":7,"29":7,"30":7,"31":0,"32":0,"33":2,"34":0,"35":0,"36":0,"37":0,"38":0,"39":0,"40":0,"41":0,"42":0,"43":0,"44":0,"45":0,"46":0,"47":0,"48":0,"49":2,"50":4,"51":4,"52":4,"53":4,"54":1,"55":3,"56":0,"57":0,"58":2},"f":{"0":9,"1":0,"2":4},"b":{"0":[1,8],"1":[4,4],"2":[1,3],"3":[4,0],"4":[1,6],"5":[0,0],"6":[0,0],"7":[1,3]},"_coverageSchema":"1a1c01bbd47fc00a2c39e90264f33305004495a9","hash":"cb45e8bc8a6bffa12da19466a1878eb4cc3776cc"}
}
